0 info it worked if it ends with ok
1 verbose cli [ '/usr/local/bin/node', '/usr/local/bin/npm', 'publish' ]
2 info using npm@2.14.2
3 info using node@v4.0.0
4 verbose publish [ '.' ]
5 silly cache add args [ '.', null ]
6 verbose cache add spec .
7 silly cache add parsed spec Result {
7 silly cache add   raw: '.',
7 silly cache add   scope: null,
7 silly cache add   name: null,
7 silly cache add   rawSpec: '.',
7 silly cache add   spec: '/Users/seokju/WebstormProjects/Flowing/example/Tutorial',
7 silly cache add   type: 'directory' }
8 verbose addLocalDirectory /Users/seokju/.npm/tutorial/1.0.0/package.tgz not in flight; packing
9 verbose tar pack [ '/Users/seokju/.npm/tutorial/1.0.0/package.tgz',
9 verbose tar pack   '/Users/seokju/WebstormProjects/Flowing/example/Tutorial' ]
10 verbose tarball /Users/seokju/.npm/tutorial/1.0.0/package.tgz
11 verbose folder /Users/seokju/WebstormProjects/Flowing/example/Tutorial
12 info prepublish tutorial@1.0.0
13 verbose addLocalTarball adding from inside cache /Users/seokju/.npm/tutorial/1.0.0/package.tgz
14 silly cache afterAdd tutorial@1.0.0
15 verbose afterAdd /Users/seokju/.npm/tutorial/1.0.0/package/package.json not in flight; writing
16 verbose afterAdd /Users/seokju/.npm/tutorial/1.0.0/package/package.json written
17 silly publish { name: 'tutorial',
17 silly publish   version: '1.0.0',
17 silly publish   description: '',
17 silly publish   main: 'app.js',
17 silly publish   scripts: { test: 'echo "Error: no test specified" && exit 1' },
17 silly publish   author: { name: 'seokju-na' },
17 silly publish   license: 'MIT',
17 silly publish   devDependencies:
17 silly publish    { 'browser-sync': '^2.9.11',
17 silly publish      browserify: '^11.2.0',
17 silly publish      gulp: '^3.9.0',
17 silly publish      'gulp-less': '^3.0.3',
17 silly publish      'gulp-minify-css': '^1.2.1',
17 silly publish      'gulp-nodemon': '^2.0.4',
17 silly publish      'gulp-uglify': '^1.4.2',
17 silly publish      'vinyl-buffer': '^1.0.0',
17 silly publish      'vinyl-source-stream': '^1.1.0' },
17 silly publish   dependencies: { ejs: '^2.3.4', express: '^4.13.3', 'flowing-js': '^1.0.4' },
17 silly publish   readme: 'ERROR: No README data found!',
17 silly publish   readmeFilename: 'README.md',
17 silly publish   _id: 'tutorial@1.0.0',
17 silly publish   _shasum: '657e502972d9ffd1074e521ee39e81174108d7b1',
17 silly publish   _from: '.' }
18 verbose getPublishConfig undefined
19 silly mapToRegistry name tutorial
20 silly mapToRegistry using default registry
21 silly mapToRegistry registry https://registry.npmjs.org/
22 silly mapToRegistry uri https://registry.npmjs.org/tutorial
23 verbose publish registryBase https://registry.npmjs.org/
24 silly publish uploading /Users/seokju/.npm/tutorial/1.0.0/package.tgz
25 verbose request uri https://registry.npmjs.org/tutorial
26 verbose request sending authorization for write operation
27 info attempt registry request try #1 at 6:09:36 PM
28 verbose request using bearer token for auth
29 verbose request id 0e6f8783acd94b4d
30 http request PUT https://registry.npmjs.org/tutorial
31 http 403 https://registry.npmjs.org/tutorial
32 verbose headers { 'content-type': 'application/json',
32 verbose headers   'cache-control': 'max-age=60',
32 verbose headers   'content-length': '100',
32 verbose headers   'accept-ranges': 'bytes',
32 verbose headers   date: 'Tue, 13 Oct 2015 09:09:36 GMT',
32 verbose headers   via: '1.1 varnish',
32 verbose headers   connection: 'keep-alive',
32 verbose headers   'x-served-by': 'cache-nrt6129-NRT',
32 verbose headers   'x-cache': 'MISS',
32 verbose headers   'x-cache-hits': '0',
32 verbose headers   'x-timer': 'S1444727375.807896,VS0,VE494' }
33 verbose request invalidating /Users/seokju/.npm/registry.npmjs.org/tutorial on PUT
34 error publish Failed PUT 403
35 verbose stack Error: You do not have permission to publish 'tutorial'. Are you logged in as the correct user? : tutorial
35 verbose stack     at makeError (/usr/local/lib/node_modules/npm/node_modules/npm-registry-client/lib/request.js:263:12)
35 verbose stack     at CachingRegistryClient.<anonymous> (/usr/local/lib/node_modules/npm/node_modules/npm-registry-client/lib/request.js:251:14)
35 verbose stack     at Request._callback (/usr/local/lib/node_modules/npm/node_modules/npm-registry-client/lib/request.js:171:14)
35 verbose stack     at Request.self.callback (/usr/local/lib/node_modules/npm/node_modules/request/request.js:198:22)
35 verbose stack     at emitTwo (events.js:87:13)
35 verbose stack     at Request.emit (events.js:172:7)
35 verbose stack     at Request.<anonymous> (/usr/local/lib/node_modules/npm/node_modules/request/request.js:1073:14)
35 verbose stack     at emitOne (events.js:82:20)
35 verbose stack     at Request.emit (events.js:169:7)
35 verbose stack     at IncomingMessage.<anonymous> (/usr/local/lib/node_modules/npm/node_modules/request/request.js:1019:12)
36 verbose statusCode 403
37 verbose pkgid tutorial
38 verbose cwd /Users/seokju/WebstormProjects/Flowing/example/Tutorial
39 error Darwin 15.0.0
40 error argv "/usr/local/bin/node" "/usr/local/bin/npm" "publish"
41 error node v4.0.0
42 error npm  v2.14.2
43 error code E403
44 error You do not have permission to publish 'tutorial'. Are you logged in as the correct user? : tutorial
45 error If you need help, you may report this error at:
45 error     <https://github.com/npm/npm/issues>
46 verbose exit [ 1, true ]
